2024-12-04 01:02:45.304 [main] INFO  Application - Autoreload is disabled because the development mode is off.
2024-12-04 01:02:45.441 [main] INFO  Application - Firebase initialized successfully
2024-12-04 01:02:47.916 [main] INFO  Application - Application started in 2.775 seconds.
2024-12-04 01:02:47.917 [main] INFO  Application - Application started: io.ktor.server.application.Application@5befbac1
2024-12-04 01:02:48.048 [DefaultDispatcher-worker-1] INFO  Application - Responding at http://0.0.0.0:8080
2024-12-04 01:24:52.501 [eventLoopGroupProxy-4-1] INFO  Application - [31m404 Not Found[m: [36mPOST[m - /api/v1/verify-otp in 967ms
2024-12-04 02:25:12.023 [eventLoopGroupProxy-4-4] INFO  Application - [31m404 Not Found[m: [36mGET[m - /api/v1/get-otp-logs in 5ms
2024-12-04 02:25:14.644 [eventLoopGroupProxy-4-3] INFO  Application - [32m200 OK[m: [36mGET[m - /api/v1/get-parcels in 2626ms
2024-12-04 02:41:45.190 [eventLoopGroupProxy-4-6] INFO  Application - [31m404 Not Found[m: [36mGET[m - /api/v1/get-otp-logs in 0ms
2024-12-04 02:41:46.767 [eventLoopGroupProxy-4-5] INFO  Application - [32m200 OK[m: [36mGET[m - /api/v1/get-parcels in 1577ms
2024-12-04 03:01:31.622 [KtorShutdownHook] INFO  Application - Application stopping: io.ktor.server.application.Application@5befbac1
2024-12-04 03:01:31.624 [KtorShutdownHook] INFO  Application - Application stopped: io.ktor.server.application.Application@5befbac1
2024-12-04 14:20:40.334 [main] INFO  Application - Autoreload is disabled because the development mode is off.
2024-12-04 14:20:40.480 [main] INFO  Application - Firebase initialized successfully
2024-12-04 14:20:42.991 [main] INFO  Application - Application started in 2.826 seconds.
2024-12-04 14:20:42.991 [main] INFO  Application - Application started: io.ktor.server.application.Application@40d23c82
2024-12-04 14:20:43.124 [DefaultDispatcher-worker-1] INFO  Application - Responding at http://0.0.0.0:8080
2024-12-04 14:21:52.921 [eventLoopGroupProxy-4-1] INFO  Application - [31m404 Not Found[m: [36mGET[m - /api/v1/get-users in 2231ms
2024-12-04 14:22:17.331 [KtorShutdownHook] INFO  Application - Application stopping: io.ktor.server.application.Application@40d23c82
2024-12-04 14:22:17.332 [KtorShutdownHook] INFO  Application - Application stopped: io.ktor.server.application.Application@40d23c82
2024-12-04 14:22:27.575 [main] INFO  Application - Autoreload is disabled because the development mode is off.
2024-12-04 14:22:27.730 [main] INFO  Application - Firebase initialized successfully
2024-12-04 14:22:31.243 [main] INFO  Application - Application started in 3.849 seconds.
2024-12-04 14:22:31.244 [main] INFO  Application - Application started: io.ktor.server.application.Application@6badba10
2024-12-04 14:22:31.374 [DefaultDispatcher-worker-1] INFO  Application - Responding at http://0.0.0.0:8080
2024-12-04 14:22:37.515 [eventLoopGroupProxy-4-1] INFO  Application - [31m500 Internal Server Error[m: [36mGET[m - /api/v1/get-users in 573ms
2024-12-04 14:24:33.352 [eventLoopGroupProxy-4-4] INFO  Application - [31m500 Internal Server Error[m: [36mGET[m - /api/v1/get-users in 4ms
2024-12-04 14:24:35.385 [eventLoopGroupProxy-4-4] INFO  Application - [31m500 Internal Server Error[m: [36mGET[m - /api/v1/get-users in 2ms
2024-12-04 14:24:50.411 [eventLoopGroupProxy-4-4] INFO  Application - [31m500 Internal Server Error[m: [36mGET[m - /api/v1/get-users in 3ms
2024-12-04 14:25:26.110 [KtorShutdownHook] INFO  Application - Application stopping: io.ktor.server.application.Application@6badba10
2024-12-04 14:25:26.111 [KtorShutdownHook] INFO  Application - Application stopped: io.ktor.server.application.Application@6badba10
2024-12-04 14:25:32.057 [main] INFO  Application - Autoreload is disabled because the development mode is off.
2024-12-04 14:25:32.191 [main] INFO  Application - Firebase initialized successfully
2024-12-04 14:25:34.638 [main] INFO  Application - Application started in 2.749 seconds.
2024-12-04 14:25:34.638 [main] INFO  Application - Application started: io.ktor.server.application.Application@6badba10
2024-12-04 14:25:34.774 [DefaultDispatcher-worker-1] INFO  Application - Responding at http://0.0.0.0:8080
2024-12-04 14:25:38.544 [eventLoopGroupProxy-4-2] INFO  Application - [31m500 Internal Server Error[m: [36mGET[m - /api/v1/get-users in 1612ms
2024-12-04 14:26:47.331 [KtorShutdownHook] INFO  Application - Application stopping: io.ktor.server.application.Application@6badba10
2024-12-04 14:26:47.332 [KtorShutdownHook] INFO  Application - Application stopped: io.ktor.server.application.Application@6badba10
2024-12-04 14:26:52.659 [main] INFO  Application - Autoreload is disabled because the development mode is off.
2024-12-04 14:26:52.791 [main] INFO  Application - Firebase initialized successfully
2024-12-04 14:26:56.246 [main] INFO  Application - Application started in 3.75 seconds.
2024-12-04 14:26:56.246 [main] INFO  Application - Application started: io.ktor.server.application.Application@6badba10
2024-12-04 14:26:56.378 [DefaultDispatcher-worker-1] INFO  Application - Responding at http://0.0.0.0:8080
2024-12-04 14:27:00.278 [eventLoopGroupProxy-4-1] INFO  Application - [31m500 Internal Server Error[m: [36mGET[m - /api/v1/get-users in 518ms
2024-12-04 14:27:39.334 [eventLoopGroupProxy-4-1] INFO  Application - [31m409 Conflict[m: [36mPOST[m - /api/v1/auth/register in 2565ms
2024-12-04 14:27:51.064 [eventLoopGroupProxy-4-1] INFO  Application - [32m201 Created[m: [36mPOST[m - /api/v1/auth/register in 2726ms
2024-12-04 14:31:14.781 [eventLoopGroupProxy-4-4] INFO  Application - [31m500 Internal Server Error[m: [36mGET[m - /api/v1/get-users in 3ms
2024-12-04 14:31:18.868 [eventLoopGroupProxy-4-4] INFO  Application - [31m500 Internal Server Error[m: [36mGET[m - /api/v1/get-users in 2ms
2024-12-04 14:35:56.997 [KtorShutdownHook] INFO  Application - Application stopping: io.ktor.server.application.Application@6badba10
2024-12-04 14:35:56.997 [KtorShutdownHook] INFO  Application - Application stopped: io.ktor.server.application.Application@6badba10
2024-12-04 14:36:03.750 [main] INFO  Application - Autoreload is disabled because the development mode is off.
2024-12-04 14:36:03.880 [main] INFO  Application - Firebase initialized successfully
2024-12-04 14:36:06.843 [main] INFO  Application - Application started in 3.266 seconds.
2024-12-04 14:36:06.843 [main] INFO  Application - Application started: io.ktor.server.application.Application@6badba10
2024-12-04 14:36:06.972 [DefaultDispatcher-worker-1] INFO  Application - Responding at http://0.0.0.0:8080
2024-12-04 14:36:11.057 [eventLoopGroupProxy-4-2] INFO  Application - [31m500 Internal Server Error[m: [36mGET[m - /api/v1/get-users in 492ms
2024-12-04 14:38:37.030 [KtorShutdownHook] INFO  Application - Application stopping: io.ktor.server.application.Application@6badba10
2024-12-04 14:38:37.031 [KtorShutdownHook] INFO  Application - Application stopped: io.ktor.server.application.Application@6badba10
2024-12-04 14:39:13.646 [main] INFO  Application - Autoreload is disabled because the development mode is off.
2024-12-04 14:39:13.778 [main] INFO  Application - Firebase initialized successfully
2024-12-04 14:39:16.544 [main] INFO  Application - Application started in 3.06 seconds.
2024-12-04 14:39:16.545 [main] INFO  Application - Application started: io.ktor.server.application.Application@6badba10
2024-12-04 14:39:16.680 [DefaultDispatcher-worker-1] INFO  Application - Responding at http://0.0.0.0:8080
2024-12-04 14:39:26.831 [eventLoopGroupProxy-4-2] INFO  Application - [32m200 OK[m: [36mGET[m - /api/v1/get-users in 5062ms
